<?xml version="1.0" encoding="UTF-8"?>
<!-- Generated by org.testng.reporters.JUnitXMLReporter -->
<testsuite hostname="DESKTOP-K261J56" ignored="2" tests="0" failures="0" timestamp="2021-09-04T18:46:26 IST" time="0.012" errors="0">
  <testcase name="contactsSelectAndDeleteTest" time="0.0" classname="com.comcast.crm.contactsModule.ContactsDeleteTest">
    <ignored/>
  </testcase> <!-- contactsSelectAndDeleteTest -->
  <testcase name="selectAndDeleteTest" time="0.0" classname="com.comcast.crm.contactsModule.ContactsDeleteTest">
    <ignored/>
  </testcase> <!-- selectAndDeleteTest -->
</testsuite>
