<?xml version="1.0" encoding="UTF-8"?>
<!-- Generated by org.testng.reporters.JUnitXMLReporter -->
<testsuite ignored="0" hostname="DESKTOP-K261J56" failures="0" tests="2" name="TestRunner-1" time="125.23" errors="0" timestamp="2021-08-24T23:04:48 IST">
  <testcase classname="com.comcast.crm.contactsModule.ContactsDeleteTest" name="ontactsSelectAndDelete" time="3.19"/>
  <testcase classname="com.comcast.crm.contactsModule.ContactsDeleteTest" name="selectAndDeleteTest" time="0.4"/>
</testsuite> <!-- TestRunner-1 -->
